C:\USERS\VILELA\DOCUMENTS\VISUAL STUDIO 2012\PROJECTS\JOGO DO GALO\JOGO DO GALO\DEBUG\JOGO DO GALO.OBJ
C:\USERS\VILELA\DOCUMENTS\VISUAL STUDIO 2012\PROJECTS\JOGO DO GALO\JOGO DO GALO\DEBUG\STDAFX.OBJ
C:\USERS\VILELA\DOCUMENTS\VISUAL STUDIO 2012\PROJECTS\JOGO DO GALO\JOGO DO GALO\DEBUG\VC110.PDB
C:\USERS\VILELA\DOCUMENTS\VISUAL STUDIO 2012\PROJECTS\JOGO DO GALO\DEBUG\JOGO DO GALO.ILK
C:\USERS\VILELA\DOCUMENTS\VISUAL STUDIO 2012\PROJECTS\JOGO DO GALO\DEBUG\JOGO DO GALO.EXE
C:\USERS\VILELA\DOCUMENTS\VISUAL STUDIO 2012\PROJECTS\JOGO DO GALO\DEBUG\JOGO DO GALO.PDB
C:\Users\Vilela\documents\visual studio 2012\Projects\Jogo do Galo\Jogo do Galo\Debug\stdafx.obj
C:\Users\Vilela\documents\visual studio 2012\Projects\Jogo do Galo\Jogo do Galo\Debug\cl.command.1.tlog
C:\Users\Vilela\documents\visual studio 2012\Projects\Jogo do Galo\Jogo do Galo\Debug\CL.read.1.tlog
C:\Users\Vilela\documents\visual studio 2012\Projects\Jogo do Galo\Jogo do Galo\Debug\CL.write.1.tlog
C:\Users\Vilela\documents\visual studio 2012\Projects\Jogo do Galo\Jogo do Galo\Debug\link-cvtres.read.1.tlog
C:\Users\Vilela\documents\visual studio 2012\Projects\Jogo do Galo\Jogo do Galo\Debug\link-cvtres.write.1.tlog
C:\Users\Vilela\documents\visual studio 2012\Projects\Jogo do Galo\Jogo do Galo\Debug\link-rc.read.1.tlog
C:\Users\Vilela\documents\visual studio 2012\Projects\Jogo do Galo\Jogo do Galo\Debug\link-rc.write.1.tlog
C:\Users\Vilela\documents\visual studio 2012\Projects\Jogo do Galo\Jogo do Galo\Debug\link.command.1.tlog
C:\Users\Vilela\documents\visual studio 2012\Projects\Jogo do Galo\Jogo do Galo\Debug\link.read.1.tlog
C:\Users\Vilela\documents\visual studio 2012\Projects\Jogo do Galo\Jogo do Galo\Debug\link.write.1.tlog
C:\Users\Vilela\documents\visual studio 2012\Projects\Jogo do Galo\Jogo do Galo\Debug\vc110.idb
C:\Users\Vilela\documents\visual studio 2012\Projects\Jogo do Galo\Jogo do Galo\Debug\vc110.pdb
C:\Users\Vilela\documents\visual studio 2012\Projects\Jogo do Galo\Debug\Jogo do Galo.pdb
C:\Users\Vilela\documents\visual studio 2012\Projects\Jogo do Galo\Debug\Jogo do Galo.exe
C:\Users\Vilela\documents\visual studio 2012\Projects\Jogo do Galo\Debug\Jogo do Galo.ilk
