<<<<<<< HEAD
﻿Build started 08/01/2014 21:54:14.
     1>Project "C:\Users\Filipe\Documents\isep\LAPR5\TheLegend\opengl\Grafo3D\ex2\ex2\ex2.vcxproj" on node 2 (Build target(s)).
     1>Link:
         D:\Program Files (x86)\Microsoft Visual Studio 12.0\VC\bin\link.exe /ERRORREPORT:PROMPT /OUT:"C:\Users\Filipe\Documents\isep\LAPR5\TheLegend\opengl\Grafo3D\ex2\Debug\ex2.exe" /INCREMENTAL /NOLOGO kernel32.lib user32.lib gdi32.lib winspool.lib comdlg32.lib advapi32.lib shell32.lib ole32.lib oleaut32.lib uuid.lib odbc32.lib odbccp32.lib /MANIFEST /MANIFESTUAC:"level='asInvoker' uiAccess='false'" /manifest:embed /DEBUG /PDB:"C:\Users\Filipe\Documents\isep\LAPR5\TheLegend\opengl\Grafo3D\ex2\Debug\ex2.pdb" /SUBSYSTEM:CONSOLE /TLBID:1 /DYNAMICBASE /NXCOMPAT /IMPLIB:"C:\Users\Filipe\Documents\isep\LAPR5\TheLegend\opengl\Grafo3D\ex2\Debug\ex2.lib" /MACHINE:X86 Debug\ex2.obj
         Debug\stdafx.obj
         ex2.vcxproj -> C:\Users\Filipe\Documents\isep\LAPR5\TheLegend\opengl\Grafo3D\ex2\Debug\ex2.exe
     1>Done Building Project "C:\Users\Filipe\Documents\isep\LAPR5\TheLegend\opengl\Grafo3D\ex2\ex2\ex2.vcxproj" (Build target(s)).
=======
﻿Build started 07/01/2014 21:19:02.
     1>Project "C:\Users\André\Desktop\TheLegend\opengl\Grafo3D\ex2\ex2\ex2.vcxproj" on node 2 (Build target(s)).
     1>ClCompile:
         C:\Program Files (x86)\Microsoft Visual Studio 12.0\VC\bin\CL.exe /c /ZI /nologo /W3 /WX- /sdl /Od /Oy- /D WIN32 /D _DEBUG /D _CONSOLE /D _LIB /D _UNICODE /D UNICODE /Gm /EHsc /RTC1 /MDd /GS /fp:precise /Zc:wchar_t /Zc:forScope /Yc"stdafx.h" /Fp"Debug\ex2.pch" /Fo"Debug\\" /Fd"Debug\vc120.pdb" /Gd /TP /analyze- /errorReport:prompt stdafx.cpp
         stdafx.cpp
         C:\Program Files (x86)\Microsoft Visual Studio 12.0\VC\bin\CL.exe /c /ZI /nologo /W3 /WX- /sdl /Od /Oy- /D WIN32 /D _DEBUG /D _CONSOLE /D _LIB /D _UNICODE /D UNICODE /Gm /EHsc /RTC1 /MDd /GS /fp:precise /Zc:wchar_t /Zc:forScope /Yu"stdafx.h" /Fp"Debug\ex2.pch" /Fo"Debug\\" /Fd"Debug\vc120.pdb" /Gd /TP /analyze- /errorReport:prompt ex2.cpp
         ex2.cpp
     1>c:\users\andré\desktop\thelegend\opengl\grafo3d\ex2\ex2\ex2.cpp(15): fatal error C1083: Cannot open include file: 'GL/glut.h': No such file or directory
     1>Done Building Project "C:\Users\André\Desktop\TheLegend\opengl\Grafo3D\ex2\ex2\ex2.vcxproj" (Build target(s)) -- FAILED.
>>>>>>> ace7d45a889dd12480df941d8123bb805e044300

Build FAILED.

<<<<<<< HEAD
Time Elapsed 00:00:00.81
=======
Time Elapsed 00:00:05.88
>>>>>>> ace7d45a889dd12480df941d8123bb805e044300
